<?xml version="1.0" encoding="UTF-8"?>
<!-- Generated by org.testng.reporters.JUnitReportReporter -->
<testsuite skipped="0" hostname="LAPTOP-28J8ISPE" name="com.edu.skuList.skuListTest" tests="5" failures="0" timestamp="14 三月 2018 07:37:35 GMT" time="0.538" errors="0">
  <testcase name="skuListAll" time="0.133" classname="com.edu.skuList.skuListTest"/>
  <testcase name="skuListById4" time="0.099" classname="com.edu.skuList.skuListTest"/>
  <testcase name="skuListById3" time="0.100" classname="com.edu.skuList.skuListTest"/>
  <testcase name="skuListById2" time="0.089" classname="com.edu.skuList.skuListTest"/>
  <testcase name="skuListById1" time="0.117" classname="com.edu.skuList.skuListTest"/>
</testsuite> <!-- com.edu.skuList.skuListTest -->
