<?xml version="1.0" encoding="UTF-8"?>
<!-- Generated by org.testng.reporters.JUnitReportReporter -->
<testsuite skipped="0" hostname="LAPTOP-28J8ISPE" name="com.edu.buy.skuListTest" tests="5" failures="0" timestamp="13 三月 2018 09:03:30 GMT" time="1.543" errors="0">
  <testcase name="skuListAll" time="1.173" classname="com.edu.buy.skuListTest"/>
  <testcase name="skuListById3" time="0.097" classname="com.edu.buy.skuListTest"/>
  <testcase name="skuListById1" time="0.097" classname="com.edu.buy.skuListTest"/>
  <testcase name="skuListById4" time="0.087" classname="com.edu.buy.skuListTest"/>
  <testcase name="skuListById2" time="0.089" classname="com.edu.buy.skuListTest"/>
</testsuite> <!-- com.edu.buy.skuListTest -->
