<?xml version="1.0" encoding="UTF-8"?>
<!-- Generated by org.testng.reporters.JUnitReportReporter -->
<testsuite skipped="0" hostname="LAPTOP-28J8ISPE" name="com.edu.address.AddAddress" tests="2" failures="0" timestamp="14 三月 2018 07:37:35 GMT" time="0.446" errors="0">
  <testcase name="addAddressSuccess" time="0.244" classname="com.edu.address.AddAddress"/>
  <testcase name="receiverNameTest" time="0.202" classname="com.edu.address.AddAddress"/>
</testsuite> <!-- com.edu.address.AddAddress -->
