<?xml version="1.0" encoding="UTF-8"?>
<!-- Generated by org.testng.reporters.JUnitReportReporter -->
<testsuite skipped="0" hostname="LAPTOP-28J8ISPE" name="com.edu.address.DeleteAddress" tests="2" failures="0" timestamp="14 三月 2018 06:18:01 GMT" time="1.402" errors="0">
  <testcase name="checkAddressTest" time="0.012" classname="com.edu.address.DeleteAddress"/>
  <testcase name="delWrongIdTest" time="1.390" classname="com.edu.address.DeleteAddress"/>
</testsuite> <!-- com.edu.address.DeleteAddress -->
