<?xml version="1.0" encoding="UTF-8"?>
<!-- Generated by org.testng.reporters.JUnitReportReporter -->
<testsuite skipped="0" hostname="LAPTOP-28J8ISPE" name="com.edu.address.CheckAddress" tests="1" failures="0" timestamp="14 三月 2018 07:37:35 GMT" time="0.261" errors="0">
  <testcase name="checkAddressTest" time="0.261" classname="com.edu.address.CheckAddress"/>
</testsuite> <!-- com.edu.address.CheckAddress -->
